MPASM 5.87  /HOME/FEFEE/GIT_DIGITAL2/TP_6/TP   10-16-2025  17:07:51         PAGE  1


LOC  OBJECT CODE     LINE SOURCE TEXT
  VALUE

                      00001 ; PIC16F887 Configuration Bit Settings
                      00002 #include "p16f887.inc"
                      00001         LIST
                      00002 
                      00003 ;==========================================================================
                      00004 ; Build date : Jan 06 2020
                      00005 ;  MPASM PIC16F887 processor include
                      00006 ; 
                      00007 ;  (c) Copyright 1999-2020 Microchip Technology, All rights reserved
                      00008 ;==========================================================================
                      00009 
                      00810         LIST
                      00003 
                      00004 ; CONFIG1
2007   23E1           00005  __CONFIG _CONFIG1, _FOSC_XT & _WDTE_OFF & _PWRTE_ON & _MCLRE_ON & _CP_OFF & _CPD_OFF & _BOREN_ON & _IES
                            O_OFF & _FCMEN_OFF & _LVP_OFF
                      00006 ; CONFIG2
2008   3FFF           00007  __CONFIG _CONFIG2, _BOR4V_BOR40V & _WRT_OFF
                      00008  
                      00009     ORG 0X00
0000   2???           00010     GOTO INICIO
                      00011     ORG 0X04
0004   2???           00012     GOTO ISR
                      00013     ORG 0X05
                      00014     
                      00015 ; Variables para displays
  00000020            00016 contT        EQU 0x20    ; Contador para multiplexado
  00000021            00017 valor_adc    EQU 0x21    ; Valor del ADC (8 bits)
  00000022            00018 digito0      EQU 0x22    ; Unidades
  00000023            00019 digito1      EQU 0x23    ; Decenas  
  00000024            00020 digito2      EQU 0x24    ; Centenas
  00000025            00021 temp         EQU 0x25    ; Variable temporal
  00000070            00022 W_TEMP       EQU 0x70
  00000071            00023 STATUS_TEMP  EQU 0x71
                      00024     
0005                  00025 INICIO
                      00026     ; Configuración de puertos primero
0005   1683 1303      00027     BANKSEL TRISA
0007   3001           00028     MOVLW b'00000001'    ; RA0 como entrada analógica, demás salidas
Message[302]: Register in operand not in bank 0.  Ensure that bank bits are correct.
0008   0085           00029     MOVWF TRISA
                      00030     
Message[302]: Register in operand not in bank 0.  Ensure that bank bits are correct.
0009   0188           00031     CLRF TRISD           ; PORTD como salida (segmentos)
000A   30F0           00032     MOVLW b'11110000'    ; RC0-RC3 como salida (transistores), RC4-RC7 entrada
Message[302]: Register in operand not in bank 0.  Ensure that bank bits are correct.
000B   0087           00033     MOVWF TRISC
                      00034     
                      00035     ; Configuración de ANSEL
000C   1683 1703      00036     BANKSEL ANSEL
000E   3001           00037     MOVLW b'00000001'    ; AN0 como analógico
Message[302]: Register in operand not in bank 0.  Ensure that bank bits are correct.
000F   0088           00038     MOVWF ANSEL
MPASM 5.87  /HOME/FEFEE/GIT_DIGITAL2/TP_6/TP   10-16-2025  17:07:51         PAGE  2


LOC  OBJECT CODE     LINE SOURCE TEXT
  VALUE

Message[302]: Register in operand not in bank 0.  Ensure that bank bits are correct.
0010   0189           00039     CLRF ANSELH          ; Resto digital
                      00040     
                      00041     ; Configuración del ADC
0011   1683 1303      00042     BANKSEL ADCON1
0013   3080           00043     MOVLW b'10000000'    ; Justificado a izquierda, VDD y VSS como referencia
Message[302]: Register in operand not in bank 0.  Ensure that bank bits are correct.
0014   009F           00044     MOVWF ADCON1
                      00045     
0015   1283 1303      00046     BANKSEL ADCON0
                      00047     ; ADC ON, Canal AN0, Fosc/8
0017   3041           00048     MOVLW b'01000001'    ; Bit7-6: Justificado izquierda, Bit5-3: Canal AN0
                      00049                          ; Bit1-0: Fosc/8, ADC ON
0018   009F           00050     MOVWF ADCON0
                      00051     
                      00052     ; Configuración de Timer0
0019   1683 1303      00053     BANKSEL OPTION_REG
001B   3084           00054     MOVLW B'10000100'    ; Prescaler 1:32 para Timer0, fuente interna
Message[302]: Register in operand not in bank 0.  Ensure that bank bits are correct.
001C   0081           00055     MOVWF OPTION_REG
                      00056     
                      00057     ; Configuración de interrupciones 
001D   110B           00058     BCF INTCON, T0IF     ; Limpiar flag del Timer0
001E   168B           00059     BSF INTCON, T0IE     ; Habilitar interrupción del Timer0
001F   178B           00060     BSF INTCON, GIE      ; Habilitar interrupciones globales
                      00061     
0020   1283 1303      00062     BANKSEL 0            ; Volver al banco 0
                      00063     
0022   30C8           00064     MOVLW .200
0023   00A1           00065     MOVWF valor_adc
                      00066     ; Inicialización de variables
0024   01A0           00067     CLRF contT
0025   01A2           00068     CLRF digito0
0026   01A3           00069     CLRF digito1  
0027   01A4           00070     CLRF digito2
0028   01A5           00071     CLRF temp
                      00072     
                      00073     ; Limpiar puertos
0029   0185           00074     CLRF PORTA
002A   0187           00075     CLRF PORTC
002B   0188           00076     CLRF PORTD
                      00077     
002C   3064           00078     MOVLW .100
002D   0081           00079     MOVWF TMR0
                      00080     
                      00081     ; Espera inicial para estabilización del ADC
002E   2???           00082     CALL RETARDO_1MS
                      00083     
002F   2???           00084     GOTO LOOP_PRINCIPAL
                      00085 
                      00086 ; ======================
                      00087 ; Tabla del Display
                      00088 ; ======================
MPASM 5.87  /HOME/FEFEE/GIT_DIGITAL2/TP_6/TP   10-16-2025  17:07:51         PAGE  3


LOC  OBJECT CODE     LINE SOURCE TEXT
  VALUE

0030                  00089 TABLA_D
0030   0782           00090     ADDWF PCL, F
0031   343F           00091     RETLW b'00111111'   ; 0
0032   3406           00092     RETLW b'00000110'   ; 1
0033   345B           00093     RETLW b'01011011'   ; 2
0034   344F           00094     RETLW b'01001111'   ; 3
0035   3466           00095     RETLW b'01100110'   ; 4
0036   346D           00096     RETLW b'01101101'   ; 5
0037   347D           00097     RETLW b'01111101'   ; 6
0038   3407           00098     RETLW b'00000111'   ; 7
0039   347F           00099     RETLW b'01111111'   ; 8
003A   346F           00100     RETLW b'01101111'   ; 9
003B   3400           00101     RETLW b'00000000'   ; Apagado
                      00102 
                      00103 ; ======================
                      00104 ; Tabla de multiplexado
                      00105 ; ======================
003C                  00106 TABLA_MUX
003C   0782           00107     ADDWF PCL, F
003D   3401           00108     RETLW b'00000001'   ; Display 1 (RC0) - Centenas
003E   3402           00109     RETLW b'00000010'   ; Display 2 (RC1) - Decenas  
003F   3404           00110     RETLW b'00000100'   ; Display 3 (RC2) - Unidades
0040   3408           00111     RETLW b'00001000'   ; Display 4 (RC3) - Apagado
                      00112     
                      00113 ; ======================
                      00114 ; ISR - Solo Timer0 para multiplexado
                      00115 ; ======================
0041                  00116 ISR
0041   00F0           00117     MOVWF W_TEMP
0042   0E03           00118     SWAPF STATUS, W
0043   00F1           00119     MOVWF STATUS_TEMP
                      00120     
0044   190B           00121     BTFSC INTCON, T0IF
0045   2???           00122     CALL TIMER_ISR
                      00123     
0046   0E71           00124     SWAPF STATUS_TEMP, W
0047   0083           00125     MOVWF STATUS
0048   0EF0           00126     SWAPF W_TEMP, F
0049   0E70           00127     SWAPF W_TEMP, W
004A   0009           00128     RETFIE
                      00129     
                      00130 ; ======================
                      00131 ; Subrutina de Timer0
                      00132 ; ======================    
004B                  00133 TIMER_ISR
004B   3064           00134     MOVLW .100
004C   0081           00135     MOVWF TMR0
004D   110B           00136     BCF INTCON, T0IF
                      00137     
                      00138     ; Multiplexado de displays
004E   2???           00139     CALL MULTIPLEXAR
004F   0008           00140     RETURN
                      00141 
MPASM 5.87  /HOME/FEFEE/GIT_DIGITAL2/TP_6/TP   10-16-2025  17:07:51         PAGE  4


LOC  OBJECT CODE     LINE SOURCE TEXT
  VALUE

                      00142 ; ======================
                      00143 ; LEER ADC
                      00144 ; ======================
0050                  00145 LEER_ADC
0050   1283 1303      00146     BANKSEL ADCON0
                      00147     ; Esperar a que no haya conversión en curso
0052   189F           00148     BTFSC ADCON0, GO_DONE
0053   2???           00149     GOTO $-1
                      00150     
                      00151     ; Iniciar nueva conversión
0054   149F           00152     BSF ADCON0, GO_DONE
                      00153     
                      00154     ; Esperar a que termine la conversión
0055                  00155 ESPERAR_CONVERSION
0055   189F           00156     BTFSC ADCON0, GO_DONE
0056   2???           00157     GOTO ESPERAR_CONVERSION
                      00158     
                      00159     ; Leer resultado (8 bits - justificado a izquierda)
0057   081E           00160     MOVF ADRESH, W
0058   00A1           00161     MOVWF valor_adc
                      00162     
0059   1283 1303      00163     BANKSEL 0
005B   0008           00164     RETURN
                      00165 ; ======================
                      00166 ; CONVERTIR VALOR ADC A DIGITOS - CORREGIDO
                      00167 ; ======================
005C                  00168 CONVERTIR_DIGITOS
                      00169     ; Limpiar todos los dígitos primero
005C   01A2           00170     CLRF digito0
005D   01A3           00171     CLRF digito1
005E   01A4           00172     CLRF digito2
                      00173     
                      00174     ; Cargar valor ADC
005F   0821           00175     MOVF valor_adc, W
0060   00A5           00176     MOVWF temp
                      00177     
                      00178     ; CALCULAR CENTENAS
0061   30C8           00179     MOVLW .200
0062   0225           00180     SUBWF temp, W
0063   1C03           00181     BTFSS STATUS, C
0064   2???           00182     GOTO CHECK_100
                      00183     
                      00184     ; Es >= 200
0065   3002           00185     MOVLW .2
0066   00A4           00186     MOVWF digito2
0067   30C8           00187     MOVLW .200
0068   02A5           00188     SUBWF temp, F
0069   2???           00189     GOTO CALC_DECENAS
                      00190 
006A                  00191 CHECK_100
006A   3064           00192     MOVLW .100
006B   0225           00193     SUBWF temp, W
006C   1C03           00194     BTFSS STATUS, C
MPASM 5.87  /HOME/FEFEE/GIT_DIGITAL2/TP_6/TP   10-16-2025  17:07:51         PAGE  5


LOC  OBJECT CODE     LINE SOURCE TEXT
  VALUE

006D   2???           00195     GOTO CALC_DECENAS
                      00196     
                      00197     ; Es >= 100
006E   3001           00198     MOVLW .1
006F   00A4           00199     MOVWF digito2
0070   3064           00200     MOVLW .100
0071   02A5           00201     SUBWF temp, F
                      00202 
0072                  00203 CALC_DECENAS
                      00204     ; CALCULAR DECENAS - CORREGIDO
0072   01A3           00205     CLRF digito1
                      00206     
0073                  00207 DECENAS_LOOP
0073   300A           00208     MOVLW .10
0074   0225           00209     SUBWF temp, W        ; W = temp - 10
0075   1C03           00210     BTFSS STATUS, C      ; Si temp < 10, salir
0076   2???           00211     GOTO GUARDAR_UNIDADES
                      00212     
                      00213     ; temp >= 10, restar 10 de temp
0077   300A           00214     MOVLW .10
0078   02A5           00215     SUBWF temp, F        ; temp = temp - 10
0079   0AA3           00216     INCF digito1, F      ; incrementar decenas
007A   2???           00217     GOTO DECENAS_LOOP
                      00218 
007B                  00219 GUARDAR_UNIDADES
                      00220     ; CALCULAR UNIDADES - lo que queda en temp
007B   0825           00221     MOVF temp, W
007C   00A2           00222     MOVWF digito0
                      00223     
007D   0008           00224     RETURN
                      00225 
                      00226 ; ======================
                      00227 ; Multiplexado de displays
                      00228 ; ======================
007E                  00229 MULTIPLEXAR
                      00230     ; Apagar todos los displays primero
007E   3000           00231     MOVLW 0x00
007F   0087           00232     MOVWF PORTC
                      00233     
                      00234     ; Seleccionar display según contT
0080   0820           00235     MOVF contT, W
0081   2???           00236     CALL TABLA_MUX
0082   0087           00237     MOVWF PORTC        
                      00238     
                      00239     ; Mostrar dígito correspondiente
0083   2???           00240     CALL MOSTRAR_DIGITO
                      00241     
0084   0AA0           00242     INCF contT, F
0085   0820           00243     MOVF contT, W
0086   3C03           00244     SUBLW .3
0087   1D03           00245     BTFSS STATUS, Z
0088   0008           00246     RETURN
0089   01A0           00247     CLRF contT
MPASM 5.87  /HOME/FEFEE/GIT_DIGITAL2/TP_6/TP   10-16-2025  17:07:51         PAGE  6


LOC  OBJECT CODE     LINE SOURCE TEXT
  VALUE

008A   0008           00248     RETURN
                      00249 
                      00250 ; ======================
                      00251 ; Mostrar dígito según display seleccionado
                      00252 ; ======================
008B                  00253 MOSTRAR_DIGITO
008B   0820           00254     MOVF contT, W
008C   3A00           00255     XORLW 0x00
008D   1903           00256     BTFSC STATUS, Z
008E   2???           00257     GOTO MOSTRAR_CENTENAS
008F   0820           00258     MOVF contT, W
0090   3A01           00259     XORLW 0x01
0091   1903           00260     BTFSC STATUS, Z
0092   2???           00261     GOTO MOSTRAR_DECENAS
0093   0820           00262     MOVF contT, W
0094   3A02           00263     XORLW 0x02
0095   1903           00264     BTFSC STATUS, Z
0096   2???           00265     GOTO MOSTRAR_UNIDADES
                      00266 
0097                  00267 MOSTRAR_CENTENAS
0097   0824           00268     MOVF digito2, W
0098   2???           00269     GOTO FIN_MOSTRAR
                      00270 
0099                  00271 MOSTRAR_DECENAS
0099   0823           00272     MOVF digito1, W
009A   2???           00273     GOTO FIN_MOSTRAR
                      00274 
009B                  00275 MOSTRAR_UNIDADES
009B   0822           00276     MOVF digito0, W
                      00277 
009C                  00278 FIN_MOSTRAR
009C   2???           00279     CALL TABLA_D
009D   0088           00280     MOVWF PORTD
009E   0008           00281     RETURN
                      00282 
                      00283 ; ======================
                      00284 ; Retardos
                      00285 ; ======================
009F                  00286 RETARDO_100US
009F   3021           00287     MOVLW .33
00A0   00A5           00288     MOVWF temp
00A1                  00289 RET_100_LOOP
00A1   0BA5           00290     DECFSZ temp, F
00A2   2???           00291     GOTO RET_100_LOOP
00A3   0008           00292     RETURN
                      00293 
00A4                  00294 RETARDO_1MS
00A4   30FA           00295     MOVLW .250
00A5   00A5           00296     MOVWF temp
00A6                  00297 RET_1MS_LOOP
00A6   0BA5           00298     DECFSZ temp, F
00A7   2???           00299     GOTO RET_1MS_LOOP
00A8   0008           00300     RETURN
MPASM 5.87  /HOME/FEFEE/GIT_DIGITAL2/TP_6/TP   10-16-2025  17:07:51         PAGE  7


LOC  OBJECT CODE     LINE SOURCE TEXT
  VALUE

                      00301 
                      00302 ; ======================
                      00303 ; LOOP PRINCIPAL
                      00304 ; ======================
00A9                  00305 LOOP_PRINCIPAL
                      00306     ; Leer ADC
00A9   2???           00307     CALL LEER_ADC
                      00308     
                      00309     ; Convertir valor ADC a dígitos
00AA   2???           00310     CALL CONVERTIR_DIGITOS
                      00311     
                      00312     ; Pequeño retardo entre lecturas
00AB   2???           00313     CALL RETARDO_100US
                      00314     
00AC   2???           00315     GOTO LOOP_PRINCIPAL
                      00316     
23E1 3FFF             00317     END
MPASM 5.87  /HOME/FEFEE/GIT_DIGITAL2/TP_6/TP   10-16-2025  17:07:51         PAGE  8


SYMBOL TABLE
  LABEL                             VALUE 

ABDEN                             00000000
ABDOVF                            00000007
ACKDT                             00000005
ACKEN                             00000004
ACKSTAT                           00000006
ADCON0                            0000001F
ADCON1                            0000009F
ADCS0                             00000006
ADCS1                             00000007
ADDEN                             00000003
ADFM                              00000007
ADIE                              00000006
ADIF                              00000006
ADON                              00000000
ADRESH                            0000001E
ADRESL                            0000009E
ANS0                              00000000
ANS1                              00000001
ANS10                             00000002
ANS11                             00000003
ANS12                             00000004
ANS13                             00000005
ANS2                              00000002
ANS3                              00000003
ANS4                              00000004
ANS5                              00000005
ANS6                              00000006
ANS7                              00000007
ANS8                              00000000
ANS9                              00000001
ANSEL                             00000188
ANSELH                            00000189
BAUDCTL                           00000187
BCLIE                             00000003
BCLIF                             00000003
BF                                00000000
BRG0                              00000000
BRG1                              00000001
BRG10                             00000002
BRG11                             00000003
BRG12                             00000004
BRG13                             00000005
BRG14                             00000006
BRG15                             00000007
BRG16                             00000003
BRG2                              00000002
BRG3                              00000003
BRG4                              00000004
BRG5                              00000005
BRG6                              00000006
BRG7                              00000007
BRG8                              00000000
BRG9                              00000001
MPASM 5.87  /HOME/FEFEE/GIT_DIGITAL2/TP_6/TP   10-16-2025  17:07:51         PAGE  9


SYMBOL TABLE
  LABEL                             VALUE 

BRGH                              00000002
C                                 00000000
C1CH0                             00000000
C1CH1                             00000001
C1IE                              00000005
C1IF                              00000005
C1OE                              00000005
C1ON                              00000007
C1OUT                             00000006
C1POL                             00000004
C1R                               00000002
C1RSEL                            00000005
C1SEN                             00000005
C2CH0                             00000000
C2CH1                             00000001
C2IE                              00000006
C2IF                              00000006
C2OE                              00000005
C2ON                              00000007
C2OUT                             00000006
C2POL                             00000004
C2R                               00000002
C2REN                             00000004
C2RSEL                            00000004
C2SYNC                            00000000
CALC_DECENAS                      00000072
CCP1CON                           00000017
CCP1IE                            00000002
CCP1IF                            00000002
CCP1M0                            00000000
CCP1M1                            00000001
CCP1M2                            00000002
CCP1M3                            00000003
CCP1X                             00000005
CCP1Y                             00000004
CCP2CON                           0000001D
CCP2IE                            00000000
CCP2IF                            00000000
CCP2M0                            00000000
CCP2M1                            00000001
CCP2M2                            00000002
CCP2M3                            00000003
CCP2X                             00000005
CCP2Y                             00000004
CCPR1                             00000015
CCPR1H                            00000016
CCPR1L                            00000015
CCPR2                             0000001B
CCPR2H                            0000001C
CCPR2L                            0000001B
CHECK_100                         0000006A
CHS0                              00000002
CHS1                              00000003
MPASM 5.87  /HOME/FEFEE/GIT_DIGITAL2/TP_6/TP   10-16-2025  17:07:51         PAGE 10


SYMBOL TABLE
  LABEL                             VALUE 

CHS2                              00000004
CHS3                              00000005
CKE                               00000006
CKP                               00000004
CM1CON0                           00000107
CM2CON0                           00000108
CM2CON1                           00000109
CONVERTIR_DIGITOS                 0000005C
CREN                              00000004
CSRC                              00000007
D                                 00000005
DATA_ADDRESS                      00000005
DC                                00000001
DC1B0                             00000004
DC1B1                             00000005
DC2B0                             00000004
DC2B1                             00000005
DECENAS_LOOP                      00000073
D_A                               00000005
D_NOT_A                           00000005
ECCPAS                            0000009C
ECCPAS0                           00000004
ECCPAS1                           00000005
ECCPAS2                           00000006
ECCPASE                           00000007
EEADR                             0000010D
EEADRH                            0000010F
EECON1                            0000018C
EECON2                            0000018D
EEDAT                             0000010C
EEDATA                            0000010C
EEDATH                            0000010E
EEIE                              00000004
EEIF                              00000004
EEPGD                             00000007
ESPERAR_CONVERSION                00000055
F                                 00000001
FERR                              00000002
FIN_MOSTRAR                       0000009C
FSR                               00000004
FVREN                             00000000
GCEN                              00000007
GIE                               00000007
GO                                00000001
GO_DONE                           00000001
GO_NOT_DONE                       00000001
GUARDAR_UNIDADES                  0000007B
HTS                               00000002
I2C_DATA                          00000005
I2C_READ                          00000002
I2C_START                         00000003
I2C_STOP                          00000004
INDF                              00000000
MPASM 5.87  /HOME/FEFEE/GIT_DIGITAL2/TP_6/TP   10-16-2025  17:07:51         PAGE 11


SYMBOL TABLE
  LABEL                             VALUE 

INICIO                            00000005
INTCON                            0000000B
INTE                              00000004
INTEDG                            00000006
INTF                              00000001
IOCB                              00000096
IOCB0                             00000000
IOCB1                             00000001
IOCB2                             00000002
IOCB3                             00000003
IOCB4                             00000004
IOCB5                             00000005
IOCB6                             00000006
IOCB7                             00000007
IRCF0                             00000004
IRCF1                             00000005
IRCF2                             00000006
IRP                               00000007
ISR                               00000041
LEER_ADC                          00000050
LOOP_PRINCIPAL                    000000A9
LTS                               00000001
MC1OUT                            00000007
MC2OUT                            00000006
MOSTRAR_CENTENAS                  00000097
MOSTRAR_DECENAS                   00000099
MOSTRAR_DIGITO                    0000008B
MOSTRAR_UNIDADES                  0000009B
MSK                               00000093
MSK0                              00000000
MSK1                              00000001
MSK2                              00000002
MSK3                              00000003
MSK4                              00000004
MSK5                              00000005
MSK6                              00000006
MSK7                              00000007
MULTIPLEXAR                       0000007E
NOT_A                             00000005
NOT_ADDRESS                       00000005
NOT_BO                            00000000
NOT_BOR                           00000000
NOT_DONE                          00000001
NOT_PD                            00000003
NOT_POR                           00000001
NOT_RBPU                          00000007
NOT_RC8                           00000006
NOT_T1SYNC                        00000002
NOT_TO                            00000004
NOT_TX8                           00000006
NOT_W                             00000002
NOT_WRITE                         00000002
OERR                              00000001
MPASM 5.87  /HOME/FEFEE/GIT_DIGITAL2/TP_6/TP   10-16-2025  17:07:51         PAGE 12


SYMBOL TABLE
  LABEL                             VALUE 

OPTION_REG                        00000081
OSCCON                            0000008F
OSCTUNE                           00000090
OSFIE                             00000007
OSFIF                             00000007
OSTS                              00000003
P                                 00000004
P1M0                              00000006
P1M1                              00000007
PCL                               00000002
PCLATH                            0000000A
PCON                              0000008E
PDC0                              00000000
PDC1                              00000001
PDC2                              00000002
PDC3                              00000003
PDC4                              00000004
PDC5                              00000005
PDC6                              00000006
PEIE                              00000006
PEN                               00000002
PIE1                              0000008C
PIE2                              0000008D
PIR1                              0000000C
PIR2                              0000000D
PORTA                             00000005
PORTB                             00000006
PORTC                             00000007
PORTD                             00000008
PORTE                             00000009
PR2                               00000092
PRSEN                             00000007
PS0                               00000000
PS1                               00000001
PS2                               00000002
PSA                               00000003
PSSAC0                            00000002
PSSAC1                            00000003
PSSBD0                            00000000
PSSBD1                            00000001
PSTRCON                           0000009D
PULSR                             00000002
PULSS                             00000003
PWM1CON                           0000009B
R                                 00000002
RA0                               00000000
RA1                               00000001
RA2                               00000002
RA3                               00000003
RA4                               00000004
RA5                               00000005
RA6                               00000006
RA7                               00000007
MPASM 5.87  /HOME/FEFEE/GIT_DIGITAL2/TP_6/TP   10-16-2025  17:07:51         PAGE 13


SYMBOL TABLE
  LABEL                             VALUE 

RB0                               00000000
RB1                               00000001
RB2                               00000002
RB3                               00000003
RB4                               00000004
RB5                               00000005
RB6                               00000006
RB7                               00000007
RBIE                              00000003
RBIF                              00000000
RC0                               00000000
RC1                               00000001
RC2                               00000002
RC3                               00000003
RC4                               00000004
RC5                               00000005
RC6                               00000006
RC7                               00000007
RC8_9                             00000006
RC9                               00000006
RCD8                              00000000
RCEN                              00000003
RCIDL                             00000006
RCIE                              00000005
RCIF                              00000005
RCREG                             0000001A
RCSTA                             00000018
RD                                00000000
RD0                               00000000
RD1                               00000001
RD2                               00000002
RD3                               00000003
RD4                               00000004
RD5                               00000005
RD6                               00000006
RD7                               00000007
RE0                               00000000
RE1                               00000001
RE2                               00000002
RE3                               00000003
READ_WRITE                        00000002
RETARDO_100US                     0000009F
RETARDO_1MS                       000000A4
RET_100_LOOP                      000000A1
RET_1MS_LOOP                      000000A6
RP0                               00000005
RP1                               00000006
RSEN                              00000001
RX9                               00000006
RX9D                              00000000
R_NOT_W                           00000002
R_W                               00000002
S                                 00000003
MPASM 5.87  /HOME/FEFEE/GIT_DIGITAL2/TP_6/TP   10-16-2025  17:07:51         PAGE 14


SYMBOL TABLE
  LABEL                             VALUE 

SBOREN                            00000004
SCKP                              00000004
SCS                               00000000
SEN                               00000000
SENDB                             00000003
SMP                               00000007
SPBRG                             00000099
SPBRGH                            0000009A
SPEN                              00000007
SR0                               00000006
SR1                               00000007
SRCON                             00000185
SREN                              00000005
SSPADD                            00000093
SSPBUF                            00000013
SSPCON                            00000014
SSPCON2                           00000091
SSPEN                             00000005
SSPIE                             00000003
SSPIF                             00000003
SSPM0                             00000000
SSPM1                             00000001
SSPM2                             00000002
SSPM3                             00000003
SSPMSK                            00000093
SSPOV                             00000006
SSPSTAT                           00000094
STATUS                            00000003
STATUS_TEMP                       00000071
STRA                              00000000
STRB                              00000001
STRC                              00000002
STRD                              00000003
STRSYNC                           00000004
SWDTEN                            00000000
SYNC                              00000004
T0CS                              00000005
T0IE                              00000005
T0IF                              00000002
T0SE                              00000004
T1CKPS0                           00000004
T1CKPS1                           00000005
T1CON                             00000010
T1GINV                            00000007
T1GIV                             00000007
T1GSS                             00000001
T1INSYNC                          00000002
T1OSCEN                           00000003
T1SYNC                            00000002
T2CKPS0                           00000000
T2CKPS1                           00000001
T2CON                             00000012
TABLA_D                           00000030
MPASM 5.87  /HOME/FEFEE/GIT_DIGITAL2/TP_6/TP   10-16-2025  17:07:51         PAGE 15


SYMBOL TABLE
  LABEL                             VALUE 

TABLA_MUX                         0000003C
TIMER_ISR                         0000004B
TMR0                              00000001
TMR0IE                            00000005
TMR0IF                            00000002
TMR1                              0000000E
TMR1CS                            00000001
TMR1GE                            00000006
TMR1H                             0000000F
TMR1IE                            00000000
TMR1IF                            00000000
TMR1L                             0000000E
TMR1ON                            00000000
TMR2                              00000011
TMR2IE                            00000001
TMR2IF                            00000001
TMR2ON                            00000002
TOUTPS0                           00000003
TOUTPS1                           00000004
TOUTPS2                           00000005
TOUTPS3                           00000006
TRISA                             00000085
TRISA0                            00000000
TRISA1                            00000001
TRISA2                            00000002
TRISA3                            00000003
TRISA4                            00000004
TRISA5                            00000005
TRISA6                            00000006
TRISA7                            00000007
TRISB                             00000086
TRISB0                            00000000
TRISB1                            00000001
TRISB2                            00000002
TRISB3                            00000003
TRISB4                            00000004
TRISB5                            00000005
TRISB6                            00000006
TRISB7                            00000007
TRISC                             00000087
TRISC0                            00000000
TRISC1                            00000001
TRISC2                            00000002
TRISC3                            00000003
TRISC4                            00000004
TRISC5                            00000005
TRISC6                            00000006
TRISC7                            00000007
TRISD                             00000088
TRISD0                            00000000
TRISD1                            00000001
TRISD2                            00000002
TRISD3                            00000003
MPASM 5.87  /HOME/FEFEE/GIT_DIGITAL2/TP_6/TP   10-16-2025  17:07:51         PAGE 16


SYMBOL TABLE
  LABEL                             VALUE 

TRISD4                            00000004
TRISD5                            00000005
TRISD6                            00000006
TRISD7                            00000007
TRISE                             00000089
TRISE0                            00000000
TRISE1                            00000001
TRISE2                            00000002
TRISE3                            00000003
TRMT                              00000001
TUN0                              00000000
TUN1                              00000001
TUN2                              00000002
TUN3                              00000003
TUN4                              00000004
TX8_9                             00000006
TX9                               00000006
TX9D                              00000000
TXD8                              00000000
TXEN                              00000005
TXIE                              00000004
TXIF                              00000004
TXREG                             00000019
TXSTA                             00000098
UA                                00000001
ULPWUE                            00000005
ULPWUIE                           00000002
ULPWUIF                           00000002
VCFG0                             00000004
VCFG1                             00000005
VR0                               00000000
VR1                               00000001
VR2                               00000002
VR3                               00000003
VRCON                             00000097
VREN                              00000007
VROE                              00000006
VRR                               00000005
VRSS                              00000004
W                                 00000000
WCOL                              00000007
WDTCON                            00000105
WDTPS0                            00000001
WDTPS1                            00000002
WDTPS2                            00000003
WDTPS3                            00000004
WPUB                              00000095
WPUB0                             00000000
WPUB1                             00000001
WPUB2                             00000002
WPUB3                             00000003
WPUB4                             00000004
WPUB5                             00000005
MPASM 5.87  /HOME/FEFEE/GIT_DIGITAL2/TP_6/TP   10-16-2025  17:07:51         PAGE 17


SYMBOL TABLE
  LABEL                             VALUE 

WPUB6                             00000006
WPUB7                             00000007
WR                                00000001
WREN                              00000002
WRERR                             00000003
WUE                               00000001
W_TEMP                            00000070
Z                                 00000002
_.org_2_0053                      00000053
_BOR21V                           00003EFF
_BOR40V                           00003FFF
_BOR4V_BOR21V                     00003EFF
_BOR4V_BOR40V                     00003FFF
_BOREN_NSLEEP                     00003EFF
_BOREN_OFF                        00003CFF
_BOREN_ON                         00003FFF
_BOREN_SBODEN                     00003DFF
_BOR_NSLEEP                       00003EFF
_BOR_OFF                          00003CFF
_BOR_ON                           00003FFF
_BOR_SBODEN                       00003DFF
_CONFIG1                          00002007
_CONFIG2                          00002008
_CPD_OFF                          00003FFF
_CPD_ON                           00003F7F
_CP_OFF                           00003FFF
_CP_ON                            00003FBF
_DEBUG_OFF                        00003FFF
_DEBUG_ON                         00001FFF
_DEVID1                           00002006
_EC_OSC                           00003FFB
_EXTRC                            00003FFF
_EXTRCIO                          00003FFE
_EXTRC_OSC_CLKOUT                 00003FFF
_EXTRC_OSC_NOCLKOUT               00003FFE
_FCMEN_OFF                        000037FF
_FCMEN_ON                         00003FFF
_FOSC_EC                          00003FFB
_FOSC_EXTRC_CLKOUT                00003FFF
_FOSC_EXTRC_NOCLKOUT              00003FFE
_FOSC_HS                          00003FFA
_FOSC_INTRC_CLKOUT                00003FFD
_FOSC_INTRC_NOCLKOUT              00003FFC
_FOSC_LP                          00003FF8
_FOSC_XT                          00003FF9
_HS_OSC                           00003FFA
_IDLOC0                           00002000
_IDLOC1                           00002001
_IDLOC2                           00002002
_IDLOC3                           00002003
_IESO_OFF                         00003BFF
_IESO_ON                          00003FFF
_INTOSC                           00003FFD
MPASM 5.87  /HOME/FEFEE/GIT_DIGITAL2/TP_6/TP   10-16-2025  17:07:51         PAGE 18


SYMBOL TABLE
  LABEL                             VALUE 

_INTOSCIO                         00003FFC
_INTRC_OSC_CLKOUT                 00003FFD
_INTRC_OSC_NOCLKOUT               00003FFC
_LP_OSC                           00003FF8
_LVP_OFF                          00002FFF
_LVP_ON                           00003FFF
_MCLRE_OFF                        00003FDF
_MCLRE_ON                         00003FFF
_PWRTE_OFF                        00003FFF
_PWRTE_ON                         00003FEF
_WDTE_OFF                         00003FF7
_WDTE_ON                          00003FFF
_WDT_OFF                          00003FF7
_WDT_ON                           00003FFF
_WRT_1FOURTH                      00003BFF
_WRT_256                          00003DFF
_WRT_HALF                         000039FF
_WRT_OFF                          00003FFF
_XT_OSC                           00003FF9
__16F887                          00000001
__DEBUG                           
__MPLAB_DEBUGGER_SIMULATOR        1
contT                             00000020
digito0                           00000022
digito1                           00000023
digito2                           00000024
temp                              00000025
valor_adc                         00000021

Errors   :     0
Warnings :     0 reported,     0 suppressed
Messages :     7 reported,     0 suppressed

