MPASM 5.87  /HOME/FEFEE/GIT_DIGITAL2/TP_6/CO   10-21-2025  21:28:06         PAGE  1


LOC  OBJECT CODE     LINE SOURCE TEXT
  VALUE

                      00001 ;*********************************************************************************
                      00002 ;****************** CONFIGURACIÓN PARA PIC16F887 *********************************
                      00003 ;*********************************************************************************
                      00004 
                      00005 #include "p16f887.inc"
                      00001         LIST
                      00002 
                      00003 ;==========================================================================
                      00004 ; Build date : Jan 06 2020
                      00005 ;  MPASM PIC16F887 processor include
                      00006 ; 
                      00007 ;  (c) Copyright 1999-2020 Microchip Technology, All rights reserved
                      00008 ;==========================================================================
                      00009 
                      00810         LIST
                      00006 
                      00007 ; CONFIG1
2007   23E1           00008  __CONFIG _CONFIG1, _FOSC_XT & _WDTE_OFF & _PWRTE_ON & _MCLRE_ON & _CP_OFF & _CPD_OFF & _BOREN_ON & _IES
                            O_OFF & _FCMEN_OFF & _LVP_OFF
                      00009 ; CONFIG2
2008   3FFF           00010  __CONFIG _CONFIG2, _BOR4V_BOR40V & _WRT_OFF
                      00011 
                      00012 ;*********************************************************************************
                      00013 ;************************** DEFINICIÓN DE VARIABLES ******************************
                      00014 ;*********************************************************************************
                      00015 
                      00016     ; Variables en memoria común (accesible desde cualquier banco)
Warning[207]: Found label after column 1. (W_TEMP)
  00000070            00017     W_TEMP      EQU 0x70
Warning[207]: Found label after column 1. (STATUS_TEMP)
  00000071            00018     STATUS_TEMP EQU 0x71
                      00019     
                      00020     ; Variables en banco 0
Warning[207]: Found label after column 1. (POSM)
  00000020            00021     POSM            EQU 0x20
Warning[207]: Found label after column 1. (POSICION_SERVO)
  00000021            00022     POSICION_SERVO  EQU 0x21
Warning[207]: Found label after column 1. (POS_S1)
  00000022            00023     POS_S1          EQU 0x22
Warning[207]: Found label after column 1. (POS_S2)
  00000023            00024     POS_S2          EQU 0x23
Warning[207]: Found label after column 1. (CONTADOR1)
  00000024            00025     CONTADOR1       EQU 0x24
Warning[207]: Found label after column 1. (CONTADOR2)
  00000025            00026     CONTADOR2       EQU 0x25
Warning[207]: Found label after column 1. (CONTADOR3)
  00000026            00027     CONTADOR3       EQU 0x26
                      00028 
                      00029 ;*********************************************************************************
                      00030 ;************************** DEFINICIÓN DE BITS ***********************************
                      00031 ;*********************************************************************************
                      00032 
  00000000            00033 SERVO_A     EQU 0    ; Bit 0 del PORTB
MPASM 5.87  /HOME/FEFEE/GIT_DIGITAL2/TP_6/CO   10-21-2025  21:28:06         PAGE  2


LOC  OBJECT CODE     LINE SOURCE TEXT
  VALUE

  00000001            00034 SERVO_B     EQU 1    ; Bit 1 del PORTB
                      00035 
  00000000            00036 INC_S1      EQU 0    ; Bit 0 del PORTA
  00000001            00037 DEC_S1      EQU 1    ; Bit 1 del PORTA  
  00000002            00038 INC_S2      EQU 2    ; Bit 2 del PORTA
  00000003            00039 DEC_S2      EQU 3    ; Bit 3 del PORTA
                      00040 
                      00041 ;*********************************************************************************
                      00042 ;****************** ORIGEN DE EJECUCION POSTERIOR AL RESET ***********************
                      00043 ;*********************************************************************************
                      00044 
                      00045     ORG 0x000           ; ORIGEN INICIO RESET
0000   2???           00046     GOTO INICIO         ; ME VOY A INICIO
                      00047     
                      00048     ORG 0x004           ; ORIGEN ISR (PIC16F887 solo tiene una dirección de interrupción)
0004                  00049 ISR:
0004   00F0           00050     MOVWF   W_TEMP      ; GUARDO W
0005   0E03           00051     SWAPF   STATUS,W    ; GUARDO STATUS (sin afectar flags)
0006   00F1           00052     MOVWF   STATUS_TEMP
                      00053     
                      00054     ; Aquí iría el código de manejo de interrupciones si fuera necesario
                      00055     
0007   0E71           00056     SWAPF   STATUS_TEMP,W   ; RESTAURO STATUS
0008   0083           00057     MOVWF   STATUS
0009   0EF0           00058     SWAPF   W_TEMP,F    ; RESTAURO W
000A   0E70           00059     SWAPF   W_TEMP,W
000B   0009           00060     RETFIE
                      00061 
                      00062 ;*********************************************************************************
                      00063 ;**************************CONFIGURACIÓN DE PUERTOS ******************************
                      00064 ;*********************************************************************************
                      00065 
000C                  00066 INICIO:
000C   1683 1303      00067     BANKSEL TRISA       ; BANK 1
Message[302]: Register in operand not in bank 0.  Ensure that bank bits are correct.
000E   0188           00068     CLRF    ANSEL       ; TODAS DIGITALES
Message[302]: Register in operand not in bank 0.  Ensure that bank bits are correct.
000F   0189           00069     CLRF    ANSELH
                      00070     
0010   30FF           00071     MOVLW   0xFF
Message[302]: Register in operand not in bank 0.  Ensure that bank bits are correct.
0011   0085           00072     MOVWF   TRISA       ; PORTA COMO ENTRADAS
                      00073     
Message[302]: Register in operand not in bank 0.  Ensure that bank bits are correct.
0012   0186           00074     CLRF    TRISB       ; PORTB COMO SALIDAS (SERVOS)
Message[302]: Register in operand not in bank 0.  Ensure that bank bits are correct.
0013   0187           00075     CLRF    TRISC       ; PORTC COMO SALIDAS
                      00076     
0014   1283 1303      00077     BANKSEL PORTA       ; BANK 0
0016   0185           00078     CLRF    PORTA
0017   0186           00079     CLRF    PORTB
0018   0187           00080     CLRF    PORTC
                      00081 
MPASM 5.87  /HOME/FEFEE/GIT_DIGITAL2/TP_6/CO   10-21-2025  21:28:06         PAGE  3


LOC  OBJECT CODE     LINE SOURCE TEXT
  VALUE

                      00082 ;*********************************************************************************
                      00083 ;************************** INICIALIZACIÓN ***************************************
                      00084 ;*********************************************************************************
                      00085 
0019   01A2           00086     CLRF    POS_S1                  ; LIMPIO POSICION SERVO 1
001A   01A3           00087     CLRF    POS_S2                  ; LIMPIO POSICION SERVO 2
001B   1006           00088     BCF     PORTB, SERVO_A          ; APAGO BIT DE SERVO 1
001C   1086           00089     BCF     PORTB, SERVO_B          ; APAGO BIT DE SERVO 2
                      00090 
                      00091 ;*********************************************************************************
                      00092 ;************************** PROGRAMA PRINCIPAL ***********************************
                      00093 ;*********************************************************************************
                      00094 
001D                  00095 PRINCIPAL:
001D   1C05           00096     BTFSS   PORTA, INC_S1
001E   2???           00097     CALL    INC_POS1
001F   1C85           00098     BTFSS   PORTA, DEC_S1
0020   2???           00099     CALL    DEC_POS1   
                      00100     
0021   1D05           00101     BTFSS   PORTA, INC_S2
0022   2???           00102     CALL    INC_POS2
0023   1D85           00103     BTFSS   PORTA, DEC_S2
0024   2???           00104     CALL    DEC_POS2
                      00105     
0025   2???           00106     CALL    EJECUTA_SERVO1
0026   2???           00107     CALL    EJECUTA_SERVO2
                      00108     
0027   2???           00109     GOTO    PRINCIPAL
                      00110 
                      00111 ;*********************************************************************************
                      00112 ;************************** RUTINAS DE SERVO 1 ***********************************
                      00113 ;*********************************************************************************
                      00114 
0028                  00115 EJECUTA_SERVO1:
0028   0822           00116     MOVF    POS_S1,W
0029   00A1           00117     MOVWF   POSICION_SERVO
002A   1406           00118     BSF     PORTB, SERVO_A          ; PRENDO SERVO
002B   2???           00119     CALL    RET_1ms                 ; PULSO MINIMO 1ms    
                      00120 
002C                  00121 MOVIMIENTO_SERVO1:
002C   2???           00122     CALL    RET_SERVO               ; RETARDO DE 5.5 MICRO SEGUNDOS
002D   0BA1           00123     DECFSZ  POSICION_SERVO,F
002E   2???           00124     GOTO    MOVIMIENTO_SERVO1
                      00125     
002F   1006           00126     BCF     PORTB, SERVO_A
                      00127     
                      00128     ; Complemento para completar los 20ms
0030   30B4           00129     MOVLW   .180
0031   0222           00130     SUBWF   POS_S1,W
0032   00A1           00131     MOVWF   POSICION_SERVO
                      00132     
0033                  00133 COMPLEMENTO_SERVO1:
0033   2???           00134     CALL    RET_SERVO
MPASM 5.87  /HOME/FEFEE/GIT_DIGITAL2/TP_6/CO   10-21-2025  21:28:06         PAGE  4


LOC  OBJECT CODE     LINE SOURCE TEXT
  VALUE

0034   0BA1           00135     DECFSZ  POSICION_SERVO,F
0035   2???           00136     GOTO    COMPLEMENTO_SERVO1
                      00137     
0036   2???           00138     CALL    RET_16ms
0037   0008           00139     RETURN
                      00140 
                      00141 ;*********************************************************************************
                      00142 ;************************** RUTINAS DE SERVO 2 ***********************************
                      00143 ;*********************************************************************************
                      00144 
0038                  00145 EJECUTA_SERVO2:
0038   0823           00146     MOVF    POS_S2,W
0039   00A1           00147     MOVWF   POSICION_SERVO
003A   1486           00148     BSF     PORTB, SERVO_B          ; PRENDO SERVO
003B   2???           00149     CALL    RET_1ms                 ; PULSO MINIMO 1ms    
                      00150 
003C                  00151 MOVIMIENTO_SERVO2:
003C   2???           00152     CALL    RET_SERVO               ; RETARDO DE 5.5 MICRO SEGUNDOS
003D   0BA1           00153     DECFSZ  POSICION_SERVO,F
003E   2???           00154     GOTO    MOVIMIENTO_SERVO2
                      00155     
003F   1086           00156     BCF     PORTB, SERVO_B
                      00157     
                      00158     ; Complemento para completar los 20ms
0040   30B4           00159     MOVLW   .180
0041   0223           00160     SUBWF   POS_S2,W
0042   00A1           00161     MOVWF   POSICION_SERVO
                      00162     
0043                  00163 COMPLEMENTO_SERVO2:
0043   2???           00164     CALL    RET_SERVO
0044   0BA1           00165     DECFSZ  POSICION_SERVO,F
0045   2???           00166     GOTO    COMPLEMENTO_SERVO2
                      00167     
0046   2???           00168     CALL    RET_16ms
0047   0008           00169     RETURN
                      00170 
                      00171 ;*********************************************************************************
                      00172 ;************************** CONTROL DE POSICIONES ********************************
                      00173 ;*********************************************************************************
                      00174 
0048                  00175 INC_POS1:
0048   0AA2           00176     INCF    POS_S1,F
0049   0822           00177     MOVF    POS_S1,W
004A   3AB5           00178     XORLW   .181
004B   1D03           00179     BTFSS   STATUS,Z
004C   0008           00180     RETURN
004D   30B4           00181     MOVLW   .180
004E   00A2           00182     MOVWF   POS_S1
004F   0008           00183     RETURN
                      00184 
0050                  00185 DEC_POS1:
0050   03A2           00186     DECF    POS_S1,F
0051   0822           00187     MOVF    POS_S1,W
MPASM 5.87  /HOME/FEFEE/GIT_DIGITAL2/TP_6/CO   10-21-2025  21:28:06         PAGE  5


LOC  OBJECT CODE     LINE SOURCE TEXT
  VALUE

0052   3AFF           00188     XORLW   .255
0053   1D03           00189     BTFSS   STATUS,Z
0054   0008           00190     RETURN
0055   01A2           00191     CLRF    POS_S1
0056   0008           00192     RETURN
                      00193 
0057                  00194 INC_POS2:
0057   0AA3           00195     INCF    POS_S2,F
0058   0823           00196     MOVF    POS_S2,W
0059   3AB5           00197     XORLW   .181
005A   1D03           00198     BTFSS   STATUS,Z
005B   0008           00199     RETURN
005C   30B4           00200     MOVLW   .180
005D   00A3           00201     MOVWF   POS_S2
005E   0008           00202     RETURN
                      00203 
005F                  00204 DEC_POS2:
005F   03A3           00205     DECF    POS_S2,F
0060   0823           00206     MOVF    POS_S2,W
0061   3AFF           00207     XORLW   .255
0062   1D03           00208     BTFSS   STATUS,Z
0063   0008           00209     RETURN
0064   01A3           00210     CLRF    POS_S2
0065   0008           00211     RETURN
                      00212 
                      00213 ;*********************************************************************************
                      00214 ;************************** RUTINAS DE RETARDO ***********************************
                      00215 ;*********************************************************************************
                      00216 
0066                  00217 RET_1ms:
                      00218     ; Retardo de 1ms para cristal de 4MHz
0066   30FA           00219     MOVLW   .250
0067   00A4           00220     MOVWF   CONTADOR1
0068                  00221 LOOP_1ms:
0068   0000           00222     NOP
0069   0000           00223     NOP
006A   0000           00224     NOP
006B   0000           00225     NOP
006C   0BA4           00226     DECFSZ  CONTADOR1,F
006D   2???           00227     GOTO    LOOP_1ms
006E   0008           00228     RETURN
                      00229 
006F                  00230 RET_16ms:
                      00231     ; Retardo de 16ms
006F   3010           00232     MOVLW   .16
0070   00A5           00233     MOVWF   CONTADOR2
0071                  00234 LOOP_16ms:
0071   2???           00235     CALL    RET_1ms
0072   0BA5           00236     DECFSZ  CONTADOR2,F
0073   2???           00237     GOTO    LOOP_16ms
0074   0008           00238     RETURN
                      00239 
0075                  00240 RET_SERVO:
MPASM 5.87  /HOME/FEFEE/GIT_DIGITAL2/TP_6/CO   10-21-2025  21:28:06         PAGE  6


LOC  OBJECT CODE     LINE SOURCE TEXT
  VALUE

                      00241     ; Retardo de ~5.5?s para cristal de 4MHz
0075   3006           00242     MOVLW   .6
0076   00A6           00243     MOVWF   CONTADOR3
0077                  00244 LOOP_SERVO:
0077   0BA6           00245     DECFSZ  CONTADOR3,F
0078   2???           00246     GOTO    LOOP_SERVO
0079   0008           00247     RETURN
                      00248 
007A                  00249 RET_1s:
                      00250     ; Retardo de 1 segundo
007A   30FA           00251     MOVLW   .250
007B   00A4           00252     MOVWF   CONTADOR1
007C                  00253 LOOP_1s_EXT:
007C   30FA           00254     MOVLW   .250
007D   00A5           00255     MOVWF   CONTADOR2
007E                  00256 LOOP_1s_INT:
007E   30FA           00257     MOVLW   .250
007F   00A6           00258     MOVWF   CONTADOR3
0080                  00259 LOOP_1s_INT2:
0080   0BA6           00260     DECFSZ  CONTADOR3,F
0081   2???           00261     GOTO    LOOP_1s_INT2
0082   0BA5           00262     DECFSZ  CONTADOR2,F
0083   2???           00263     GOTO    LOOP_1s_INT
0084   0BA4           00264     DECFSZ  CONTADOR1,F
0085   2???           00265     GOTO    LOOP_1s_EXT
0086   0008           00266     RETURN
                      00267 
                      00268 ;*********************************************************************************
                      00269 ;************************** FIN DEL PROGRAMA *************************************
                      00270 ;*********************************************************************************
                      00271 
23E1 3FFF             00272     END
MPASM 5.87  /HOME/FEFEE/GIT_DIGITAL2/TP_6/CO   10-21-2025  21:28:06         PAGE  7


SYMBOL TABLE
  LABEL                             VALUE 

ABDEN                             00000000
ABDOVF                            00000007
ACKDT                             00000005
ACKEN                             00000004
ACKSTAT                           00000006
ADCON0                            0000001F
ADCON1                            0000009F
ADCS0                             00000006
ADCS1                             00000007
ADDEN                             00000003
ADFM                              00000007
ADIE                              00000006
ADIF                              00000006
ADON                              00000000
ADRESH                            0000001E
ADRESL                            0000009E
ANS0                              00000000
ANS1                              00000001
ANS10                             00000002
ANS11                             00000003
ANS12                             00000004
ANS13                             00000005
ANS2                              00000002
ANS3                              00000003
ANS4                              00000004
ANS5                              00000005
ANS6                              00000006
ANS7                              00000007
ANS8                              00000000
ANS9                              00000001
ANSEL                             00000188
ANSELH                            00000189
BAUDCTL                           00000187
BCLIE                             00000003
BCLIF                             00000003
BF                                00000000
BRG0                              00000000
BRG1                              00000001
BRG10                             00000002
BRG11                             00000003
BRG12                             00000004
BRG13                             00000005
BRG14                             00000006
BRG15                             00000007
BRG16                             00000003
BRG2                              00000002
BRG3                              00000003
BRG4                              00000004
BRG5                              00000005
BRG6                              00000006
BRG7                              00000007
BRG8                              00000000
BRG9                              00000001
MPASM 5.87  /HOME/FEFEE/GIT_DIGITAL2/TP_6/CO   10-21-2025  21:28:06         PAGE  8


SYMBOL TABLE
  LABEL                             VALUE 

BRGH                              00000002
C                                 00000000
C1CH0                             00000000
C1CH1                             00000001
C1IE                              00000005
C1IF                              00000005
C1OE                              00000005
C1ON                              00000007
C1OUT                             00000006
C1POL                             00000004
C1R                               00000002
C1RSEL                            00000005
C1SEN                             00000005
C2CH0                             00000000
C2CH1                             00000001
C2IE                              00000006
C2IF                              00000006
C2OE                              00000005
C2ON                              00000007
C2OUT                             00000006
C2POL                             00000004
C2R                               00000002
C2REN                             00000004
C2RSEL                            00000004
C2SYNC                            00000000
CCP1CON                           00000017
CCP1IE                            00000002
CCP1IF                            00000002
CCP1M0                            00000000
CCP1M1                            00000001
CCP1M2                            00000002
CCP1M3                            00000003
CCP1X                             00000005
CCP1Y                             00000004
CCP2CON                           0000001D
CCP2IE                            00000000
CCP2IF                            00000000
CCP2M0                            00000000
CCP2M1                            00000001
CCP2M2                            00000002
CCP2M3                            00000003
CCP2X                             00000005
CCP2Y                             00000004
CCPR1                             00000015
CCPR1H                            00000016
CCPR1L                            00000015
CCPR2                             0000001B
CCPR2H                            0000001C
CCPR2L                            0000001B
CHS0                              00000002
CHS1                              00000003
CHS2                              00000004
CHS3                              00000005
MPASM 5.87  /HOME/FEFEE/GIT_DIGITAL2/TP_6/CO   10-21-2025  21:28:06         PAGE  9


SYMBOL TABLE
  LABEL                             VALUE 

CKE                               00000006
CKP                               00000004
CM1CON0                           00000107
CM2CON0                           00000108
CM2CON1                           00000109
COMPLEMENTO_SERVO1                00000033
COMPLEMENTO_SERVO2                00000043
CONTADOR1                         00000024
CONTADOR2                         00000025
CONTADOR3                         00000026
CREN                              00000004
CSRC                              00000007
D                                 00000005
DATA_ADDRESS                      00000005
DC                                00000001
DC1B0                             00000004
DC1B1                             00000005
DC2B0                             00000004
DC2B1                             00000005
DEC_POS1                          00000050
DEC_POS2                          0000005F
DEC_S1                            00000001
DEC_S2                            00000003
D_A                               00000005
D_NOT_A                           00000005
ECCPAS                            0000009C
ECCPAS0                           00000004
ECCPAS1                           00000005
ECCPAS2                           00000006
ECCPASE                           00000007
EEADR                             0000010D
EEADRH                            0000010F
EECON1                            0000018C
EECON2                            0000018D
EEDAT                             0000010C
EEDATA                            0000010C
EEDATH                            0000010E
EEIE                              00000004
EEIF                              00000004
EEPGD                             00000007
EJECUTA_SERVO1                    00000028
EJECUTA_SERVO2                    00000038
F                                 00000001
FERR                              00000002
FSR                               00000004
FVREN                             00000000
GCEN                              00000007
GIE                               00000007
GO                                00000001
GO_DONE                           00000001
GO_NOT_DONE                       00000001
HTS                               00000002
I2C_DATA                          00000005
MPASM 5.87  /HOME/FEFEE/GIT_DIGITAL2/TP_6/CO   10-21-2025  21:28:06         PAGE 10


SYMBOL TABLE
  LABEL                             VALUE 

I2C_READ                          00000002
I2C_START                         00000003
I2C_STOP                          00000004
INC_POS1                          00000048
INC_POS2                          00000057
INC_S1                            00000000
INC_S2                            00000002
INDF                              00000000
INICIO                            0000000C
INTCON                            0000000B
INTE                              00000004
INTEDG                            00000006
INTF                              00000001
IOCB                              00000096
IOCB0                             00000000
IOCB1                             00000001
IOCB2                             00000002
IOCB3                             00000003
IOCB4                             00000004
IOCB5                             00000005
IOCB6                             00000006
IOCB7                             00000007
IRCF0                             00000004
IRCF1                             00000005
IRCF2                             00000006
IRP                               00000007
ISR                               00000004
LOOP_16ms                         00000071
LOOP_1ms                          00000068
LOOP_1s_EXT                       0000007C
LOOP_1s_INT                       0000007E
LOOP_1s_INT2                      00000080
LOOP_SERVO                        00000077
LTS                               00000001
MC1OUT                            00000007
MC2OUT                            00000006
MOVIMIENTO_SERVO1                 0000002C
MOVIMIENTO_SERVO2                 0000003C
MSK                               00000093
MSK0                              00000000
MSK1                              00000001
MSK2                              00000002
MSK3                              00000003
MSK4                              00000004
MSK5                              00000005
MSK6                              00000006
MSK7                              00000007
NOT_A                             00000005
NOT_ADDRESS                       00000005
NOT_BO                            00000000
NOT_BOR                           00000000
NOT_DONE                          00000001
NOT_PD                            00000003
MPASM 5.87  /HOME/FEFEE/GIT_DIGITAL2/TP_6/CO   10-21-2025  21:28:06         PAGE 11


SYMBOL TABLE
  LABEL                             VALUE 

NOT_POR                           00000001
NOT_RBPU                          00000007
NOT_RC8                           00000006
NOT_T1SYNC                        00000002
NOT_TO                            00000004
NOT_TX8                           00000006
NOT_W                             00000002
NOT_WRITE                         00000002
OERR                              00000001
OPTION_REG                        00000081
OSCCON                            0000008F
OSCTUNE                           00000090
OSFIE                             00000007
OSFIF                             00000007
OSTS                              00000003
P                                 00000004
P1M0                              00000006
P1M1                              00000007
PCL                               00000002
PCLATH                            0000000A
PCON                              0000008E
PDC0                              00000000
PDC1                              00000001
PDC2                              00000002
PDC3                              00000003
PDC4                              00000004
PDC5                              00000005
PDC6                              00000006
PEIE                              00000006
PEN                               00000002
PIE1                              0000008C
PIE2                              0000008D
PIR1                              0000000C
PIR2                              0000000D
PORTA                             00000005
PORTB                             00000006
PORTC                             00000007
PORTD                             00000008
PORTE                             00000009
POSICION_SERVO                    00000021
POSM                              00000020
POS_S1                            00000022
POS_S2                            00000023
PR2                               00000092
PRINCIPAL                         0000001D
PRSEN                             00000007
PS0                               00000000
PS1                               00000001
PS2                               00000002
PSA                               00000003
PSSAC0                            00000002
PSSAC1                            00000003
PSSBD0                            00000000
MPASM 5.87  /HOME/FEFEE/GIT_DIGITAL2/TP_6/CO   10-21-2025  21:28:06         PAGE 12


SYMBOL TABLE
  LABEL                             VALUE 

PSSBD1                            00000001
PSTRCON                           0000009D
PULSR                             00000002
PULSS                             00000003
PWM1CON                           0000009B
R                                 00000002
RA0                               00000000
RA1                               00000001
RA2                               00000002
RA3                               00000003
RA4                               00000004
RA5                               00000005
RA6                               00000006
RA7                               00000007
RB0                               00000000
RB1                               00000001
RB2                               00000002
RB3                               00000003
RB4                               00000004
RB5                               00000005
RB6                               00000006
RB7                               00000007
RBIE                              00000003
RBIF                              00000000
RC0                               00000000
RC1                               00000001
RC2                               00000002
RC3                               00000003
RC4                               00000004
RC5                               00000005
RC6                               00000006
RC7                               00000007
RC8_9                             00000006
RC9                               00000006
RCD8                              00000000
RCEN                              00000003
RCIDL                             00000006
RCIE                              00000005
RCIF                              00000005
RCREG                             0000001A
RCSTA                             00000018
RD                                00000000
RD0                               00000000
RD1                               00000001
RD2                               00000002
RD3                               00000003
RD4                               00000004
RD5                               00000005
RD6                               00000006
RD7                               00000007
RE0                               00000000
RE1                               00000001
RE2                               00000002
MPASM 5.87  /HOME/FEFEE/GIT_DIGITAL2/TP_6/CO   10-21-2025  21:28:06         PAGE 13


SYMBOL TABLE
  LABEL                             VALUE 

RE3                               00000003
READ_WRITE                        00000002
RET_16ms                          0000006F
RET_1ms                           00000066
RET_1s                            0000007A
RET_SERVO                         00000075
RP0                               00000005
RP1                               00000006
RSEN                              00000001
RX9                               00000006
RX9D                              00000000
R_NOT_W                           00000002
R_W                               00000002
S                                 00000003
SBOREN                            00000004
SCKP                              00000004
SCS                               00000000
SEN                               00000000
SENDB                             00000003
SERVO_A                           00000000
SERVO_B                           00000001
SMP                               00000007
SPBRG                             00000099
SPBRGH                            0000009A
SPEN                              00000007
SR0                               00000006
SR1                               00000007
SRCON                             00000185
SREN                              00000005
SSPADD                            00000093
SSPBUF                            00000013
SSPCON                            00000014
SSPCON2                           00000091
SSPEN                             00000005
SSPIE                             00000003
SSPIF                             00000003
SSPM0                             00000000
SSPM1                             00000001
SSPM2                             00000002
SSPM3                             00000003
SSPMSK                            00000093
SSPOV                             00000006
SSPSTAT                           00000094
STATUS                            00000003
STATUS_TEMP                       00000071
STRA                              00000000
STRB                              00000001
STRC                              00000002
STRD                              00000003
STRSYNC                           00000004
SWDTEN                            00000000
SYNC                              00000004
T0CS                              00000005
MPASM 5.87  /HOME/FEFEE/GIT_DIGITAL2/TP_6/CO   10-21-2025  21:28:06         PAGE 14


SYMBOL TABLE
  LABEL                             VALUE 

T0IE                              00000005
T0IF                              00000002
T0SE                              00000004
T1CKPS0                           00000004
T1CKPS1                           00000005
T1CON                             00000010
T1GINV                            00000007
T1GIV                             00000007
T1GSS                             00000001
T1INSYNC                          00000002
T1OSCEN                           00000003
T1SYNC                            00000002
T2CKPS0                           00000000
T2CKPS1                           00000001
T2CON                             00000012
TMR0                              00000001
TMR0IE                            00000005
TMR0IF                            00000002
TMR1                              0000000E
TMR1CS                            00000001
TMR1GE                            00000006
TMR1H                             0000000F
TMR1IE                            00000000
TMR1IF                            00000000
TMR1L                             0000000E
TMR1ON                            00000000
TMR2                              00000011
TMR2IE                            00000001
TMR2IF                            00000001
TMR2ON                            00000002
TOUTPS0                           00000003
TOUTPS1                           00000004
TOUTPS2                           00000005
TOUTPS3                           00000006
TRISA                             00000085
TRISA0                            00000000
TRISA1                            00000001
TRISA2                            00000002
TRISA3                            00000003
TRISA4                            00000004
TRISA5                            00000005
TRISA6                            00000006
TRISA7                            00000007
TRISB                             00000086
TRISB0                            00000000
TRISB1                            00000001
TRISB2                            00000002
TRISB3                            00000003
TRISB4                            00000004
TRISB5                            00000005
TRISB6                            00000006
TRISB7                            00000007
TRISC                             00000087
MPASM 5.87  /HOME/FEFEE/GIT_DIGITAL2/TP_6/CO   10-21-2025  21:28:06         PAGE 15


SYMBOL TABLE
  LABEL                             VALUE 

TRISC0                            00000000
TRISC1                            00000001
TRISC2                            00000002
TRISC3                            00000003
TRISC4                            00000004
TRISC5                            00000005
TRISC6                            00000006
TRISC7                            00000007
TRISD                             00000088
TRISD0                            00000000
TRISD1                            00000001
TRISD2                            00000002
TRISD3                            00000003
TRISD4                            00000004
TRISD5                            00000005
TRISD6                            00000006
TRISD7                            00000007
TRISE                             00000089
TRISE0                            00000000
TRISE1                            00000001
TRISE2                            00000002
TRISE3                            00000003
TRMT                              00000001
TUN0                              00000000
TUN1                              00000001
TUN2                              00000002
TUN3                              00000003
TUN4                              00000004
TX8_9                             00000006
TX9                               00000006
TX9D                              00000000
TXD8                              00000000
TXEN                              00000005
TXIE                              00000004
TXIF                              00000004
TXREG                             00000019
TXSTA                             00000098
UA                                00000001
ULPWUE                            00000005
ULPWUIE                           00000002
ULPWUIF                           00000002
VCFG0                             00000004
VCFG1                             00000005
VR0                               00000000
VR1                               00000001
VR2                               00000002
VR3                               00000003
VRCON                             00000097
VREN                              00000007
VROE                              00000006
VRR                               00000005
VRSS                              00000004
W                                 00000000
MPASM 5.87  /HOME/FEFEE/GIT_DIGITAL2/TP_6/CO   10-21-2025  21:28:06         PAGE 16


SYMBOL TABLE
  LABEL                             VALUE 

WCOL                              00000007
WDTCON                            00000105
WDTPS0                            00000001
WDTPS1                            00000002
WDTPS2                            00000003
WDTPS3                            00000004
WPUB                              00000095
WPUB0                             00000000
WPUB1                             00000001
WPUB2                             00000002
WPUB3                             00000003
WPUB4                             00000004
WPUB5                             00000005
WPUB6                             00000006
WPUB7                             00000007
WR                                00000001
WREN                              00000002
WRERR                             00000003
WUE                               00000001
W_TEMP                            00000070
Z                                 00000002
_BOR21V                           00003EFF
_BOR40V                           00003FFF
_BOR4V_BOR21V                     00003EFF
_BOR4V_BOR40V                     00003FFF
_BOREN_NSLEEP                     00003EFF
_BOREN_OFF                        00003CFF
_BOREN_ON                         00003FFF
_BOREN_SBODEN                     00003DFF
_BOR_NSLEEP                       00003EFF
_BOR_OFF                          00003CFF
_BOR_ON                           00003FFF
_BOR_SBODEN                       00003DFF
_CONFIG1                          00002007
_CONFIG2                          00002008
_CPD_OFF                          00003FFF
_CPD_ON                           00003F7F
_CP_OFF                           00003FFF
_CP_ON                            00003FBF
_DEBUG_OFF                        00003FFF
_DEBUG_ON                         00001FFF
_DEVID1                           00002006
_EC_OSC                           00003FFB
_EXTRC                            00003FFF
_EXTRCIO                          00003FFE
_EXTRC_OSC_CLKOUT                 00003FFF
_EXTRC_OSC_NOCLKOUT               00003FFE
_FCMEN_OFF                        000037FF
_FCMEN_ON                         00003FFF
_FOSC_EC                          00003FFB
_FOSC_EXTRC_CLKOUT                00003FFF
_FOSC_EXTRC_NOCLKOUT              00003FFE
_FOSC_HS                          00003FFA
MPASM 5.87  /HOME/FEFEE/GIT_DIGITAL2/TP_6/CO   10-21-2025  21:28:06         PAGE 17


SYMBOL TABLE
  LABEL                             VALUE 

_FOSC_INTRC_CLKOUT                00003FFD
_FOSC_INTRC_NOCLKOUT              00003FFC
_FOSC_LP                          00003FF8
_FOSC_XT                          00003FF9
_HS_OSC                           00003FFA
_IDLOC0                           00002000
_IDLOC1                           00002001
_IDLOC2                           00002002
_IDLOC3                           00002003
_IESO_OFF                         00003BFF
_IESO_ON                          00003FFF
_INTOSC                           00003FFD
_INTOSCIO                         00003FFC
_INTRC_OSC_CLKOUT                 00003FFD
_INTRC_OSC_NOCLKOUT               00003FFC
_LP_OSC                           00003FF8
_LVP_OFF                          00002FFF
_LVP_ON                           00003FFF
_MCLRE_OFF                        00003FDF
_MCLRE_ON                         00003FFF
_PWRTE_OFF                        00003FFF
_PWRTE_ON                         00003FEF
_WDTE_OFF                         00003FF7
_WDTE_ON                          00003FFF
_WDT_OFF                          00003FF7
_WDT_ON                           00003FFF
_WRT_1FOURTH                      00003BFF
_WRT_256                          00003DFF
_WRT_HALF                         000039FF
_WRT_OFF                          00003FFF
_XT_OSC                           00003FF9
__16F887                          00000001

Errors   :     0
Warnings :     9 reported,     0 suppressed
Messages :     5 reported,     0 suppressed

